info it worked if it ends with ok
verbose cli [ '/home/cloud9/c9/support/node-c9-builds/bin/node-sunos-v0.6.8-security',
verbose cli   '/mnt/ws/users/$cg/cgriffin4/npm/bin/npm-cli.js',
verbose cli   'install',
verbose cli   'fs' ]
info using npm@1.0.106
info using node@v0.6.8
verbose config file /home/cloud9/.npmrc
verbose config file /home/cloud9/c9/support/node-c9-builds/etc/npmrc
verbose config file /mnt/ws/users/$cg/cgriffin4/npm/npmrc
silly testEngine { name: 'application-name',
silly testEngine   version: '0.0.1',
silly testEngine   private: true,
silly testEngine   dependencies: { express: '2.5.8' },
silly testEngine   _id: 'application-name@0.0.1',
silly testEngine   devDependencies: {},
silly testEngine   engines: { node: '*' },
silly testEngine   _engineSupported: true,
silly testEngine   _npmVersion: '1.0.106',
silly testEngine   _nodeVersion: 'v0.6.8',
silly testEngine   _defaultsLoaded: true }
verbose caching /mnt/ws/users/$cg/cgriffin4/152110/package.json
verbose loadDefaults application-name@0.0.1
silly testEngine { name: 'express',
silly testEngine   description: 'Sinatra inspired web development framework',
silly testEngine   version: '2.5.8',
silly testEngine   author: { name: 'TJ Holowaychuk', email: 'tj@vision-media.ca' },
silly testEngine   contributors: 
silly testEngine    [ { name: 'TJ Holowaychuk', email: 'tj@vision-media.ca' },
silly testEngine      { name: 'Aaron Heckmann',
silly testEngine        email: 'aaron.heckmann+github@gmail.com' },
silly testEngine      { name: 'Ciaran Jessup', email: 'ciaranj@gmail.com' },
silly testEngine      { name: 'Guillermo Rauch', email: 'rauchg@gmail.com' } ],
silly testEngine   dependencies: { connect: '1.x', mime: '1.2.4', qs: '0.4.x', mkdirp: '0.3.0' },
silly testEngine   devDependencies: 
silly testEngine    { 'connect-form': '0.2.1',
silly testEngine      ejs: '0.4.2',
silly testEngine      expresso: '0.9.2',
silly testEngine      hamljs: '0.6.x',
silly testEngine      jade: '0.16.2',
silly testEngine      stylus: '0.13.0',
silly testEngine      should: '0.3.2',
silly testEngine      'express-messages': '0.0.2',
silly testEngine      'node-markdown': '>= 0.0.1',
silly testEngine      'connect-redis': '>= 0.0.1' },
silly testEngine   keywords: [ 'framework', 'sinatra', 'web', 'rest', 'restful' ],
silly testEngine   repository: { type: 'git', url: 'git://github.com/visionmedia/express.git' },
silly testEngine   main: 'index',
silly testEngine   bin: { express: './bin/express' },
silly testEngine   scripts: { test: 'make test', prepublish: 'npm prune' },
silly testEngine   engines: { node: '>= 0.4.1 < 0.7.0' },
silly testEngine   _id: 'express@2.5.8',
silly testEngine   _engineSupported: true,
silly testEngine   _npmVersion: '1.0.106',
silly testEngine   _nodeVersion: 'v0.6.8',
silly testEngine   _defaultsLoaded: true }
verbose caching /mnt/ws/users/$cg/cgriffin4/152110/node_modules/express/package.json
verbose loadDefaults express@2.5.8
verbose from cache /mnt/ws/users/$cg/cgriffin4/152110/package.json
verbose into /mnt/ws/users/$cg/cgriffin4/152110 [ 'fs' ]
verbose cache add fs
verbose cache add [ 'fs', null ]
silly cache add: name, spec, args [ undefined, 'fs', [ 'fs', null ] ]
verbose parsed url { pathname: 'fs', path: 'fs', href: 'fs' }
info addNamed [ 'fs', '' ]
verbose addNamed [ null, '' ]
verbose GET fs
verbose raw, before any munging fs
verbose url resolving [ 'https://registry.npmjs.org/', './fs' ]
verbose url resolved https://registry.npmjs.org/fs
silly get cb [ 404,
silly get cb   { server: 'CouchDB/1.2.0 (Erlang OTP/R15B)',
silly get cb     date: 'Wed, 07 Mar 2012 04:14:54 GMT',
silly get cb     'content-type': 'application/json',
silly get cb     'content-length': '52',
silly get cb     'cache-control': 'must-revalidate' } ]
ERR! 404 'fs' is not in the npm registry.
ERR! 404 You could maybe bug the author to publish it
ERR! 404 Note that you can also install from a tarball or folder.
ERR! 
ERR! System SunOS 5.11
ERR! command "/home/cloud9/c9/support/node-c9-builds/bin/node-sunos-v0.6.8-security" "/mnt/ws/users/$cg/cgriffin4/npm/bin/npm-cli.js" "install" "fs"
ERR! cwd /mnt/ws/users/$cg/cgriffin4/152110
ERR! node -v v0.6.8
ERR! npm -v 1.0.106
ERR! code E404
verbose exit [ 1, true ]
